2025-04-22 22:34:33,304 | 
🔧 Training model: extratrees
2025-04-22 22:34:36,319 | ✅ Fold 0 AUC: 0.8548
2025-04-22 22:34:39,286 | ✅ Fold 1 AUC: 0.8548
2025-04-22 22:34:42,294 | ✅ Fold 2 AUC: 0.8513
2025-04-22 22:34:45,317 | ✅ Fold 3 AUC: 0.8550
2025-04-22 22:34:48,414 | ✅ Fold 4 AUC: 0.8544
2025-04-22 22:34:48,425 | ✅ Mean OOF AUC for extratrees: 0.8540
2025-04-22 22:34:48,425 | 
🔧 Training model: xgb_1
2025-04-22 22:34:54,330 | ✅ Fold 0 AUC: 0.8944
2025-04-22 22:35:00,128 | ✅ Fold 1 AUC: 0.8929
2025-04-22 22:35:05,979 | ✅ Fold 2 AUC: 0.8927
2025-04-22 22:35:11,895 | ✅ Fold 3 AUC: 0.8996
2025-04-22 22:35:17,606 | ✅ Fold 4 AUC: 0.8930
2025-04-22 22:35:17,622 | ✅ Mean OOF AUC for xgb_1: 0.8945
2025-04-22 22:35:17,622 | 
🔧 Training model: xgb_2
2025-04-22 22:35:19,048 | ✅ Fold 0 AUC: 0.8930
2025-04-22 22:35:20,431 | ✅ Fold 1 AUC: 0.8908
2025-04-22 22:35:21,821 | ✅ Fold 2 AUC: 0.8893
2025-04-22 22:35:23,188 | ✅ Fold 3 AUC: 0.8971
2025-04-22 22:35:24,543 | ✅ Fold 4 AUC: 0.8893
2025-04-22 22:35:24,555 | ✅ Mean OOF AUC for xgb_2: 0.8919
2025-04-22 22:35:24,555 | 
🔧 Training model: xgb_3
2025-04-22 22:35:25,851 | ✅ Fold 0 AUC: 0.8931
2025-04-22 22:35:27,136 | ✅ Fold 1 AUC: 0.8914
2025-04-22 22:35:28,419 | ✅ Fold 2 AUC: 0.8914
2025-04-22 22:35:29,717 | ✅ Fold 3 AUC: 0.8973
2025-04-22 22:35:30,993 | ✅ Fold 4 AUC: 0.8905
2025-04-22 22:35:31,004 | ✅ Mean OOF AUC for xgb_3: 0.8927
2025-04-22 22:35:31,004 | 
🔧 Training model: logreg
2025-04-22 22:35:31,956 | ✅ Fold 0 AUC: 0.8528
2025-04-22 22:35:32,824 | ✅ Fold 1 AUC: 0.8532
2025-04-22 22:35:33,825 | ✅ Fold 2 AUC: 0.8502
2025-04-22 22:35:34,852 | ✅ Fold 3 AUC: 0.8557
2025-04-22 22:35:35,873 | ✅ Fold 4 AUC: 0.8514
2025-04-22 22:35:35,888 | ✅ Mean OOF AUC for logreg: 0.8526
2025-04-22 22:35:35,888 | 
🔧 Training model: rf
2025-04-22 22:35:44,453 | ✅ Fold 0 AUC: 0.8550
2025-04-22 22:35:52,939 | ✅ Fold 1 AUC: 0.8528
2025-04-22 22:36:01,686 | ✅ Fold 2 AUC: 0.8484
2025-04-22 22:36:10,387 | ✅ Fold 3 AUC: 0.8517
2025-04-22 22:36:19,014 | ✅ Fold 4 AUC: 0.8501
2025-04-22 22:36:19,028 | ✅ Mean OOF AUC for rf: 0.8514
2025-04-22 22:36:19,028 | 
🔧 Training model: lgb
2025-04-22 22:36:20,154 | ✅ Fold 0 AUC: 0.8911
2025-04-22 22:36:21,224 | ✅ Fold 1 AUC: 0.8896
2025-04-22 22:36:22,215 | ✅ Fold 2 AUC: 0.8895
2025-04-22 22:36:23,267 | ✅ Fold 3 AUC: 0.8939
2025-04-22 22:36:24,528 | ✅ Fold 4 AUC: 0.8881
2025-04-22 22:36:24,540 | ✅ Mean OOF AUC for lgb: 0.8904
2025-04-22 22:36:24,541 | 
🔧 Training model: cat
2025-04-22 22:36:26,821 | ✅ Fold 0 AUC: 0.8908
2025-04-22 22:36:29,140 | ✅ Fold 1 AUC: 0.8883
2025-04-22 22:36:31,423 | ✅ Fold 2 AUC: 0.8865
2025-04-22 22:36:33,530 | ✅ Fold 3 AUC: 0.8931
2025-04-22 22:36:35,601 | ✅ Fold 4 AUC: 0.8880
2025-04-22 22:36:35,611 | ✅ Mean OOF AUC for cat: 0.8893
2025-04-22 22:36:35,612 | 
🔧 Training model: adaboost
2025-04-22 22:36:48,377 | ✅ Fold 0 AUC: 0.8317
2025-04-22 22:37:01,012 | ✅ Fold 1 AUC: 0.8313
2025-04-22 22:37:13,565 | ✅ Fold 2 AUC: 0.8275
2025-04-22 22:37:26,058 | ✅ Fold 3 AUC: 0.8295
2025-04-22 22:37:38,851 | ✅ Fold 4 AUC: 0.8289
2025-04-22 22:37:38,862 | ✅ Mean OOF AUC for adaboost: 0.8292
2025-04-22 22:37:38,862 | 
🔧 Training model: knn
2025-04-22 22:37:39,345 | ✅ Fold 0 AUC: 0.8342
2025-04-22 22:37:39,679 | ✅ Fold 1 AUC: 0.8374
2025-04-22 22:37:40,021 | ✅ Fold 2 AUC: 0.8359
2025-04-22 22:37:40,374 | ✅ Fold 3 AUC: 0.8407
2025-04-22 22:37:40,744 | ✅ Fold 4 AUC: 0.8305
2025-04-22 22:37:40,762 | ✅ Mean OOF AUC for knn: 0.8357
